<?xml version="1.0" encoding="UTF-8"?>
<!-- Generated by org.testng.reporters.JUnitXMLReporter -->
<testsuite ignored="0" hostname="LTIN523467" failures="0" tests="17" name="EdgeTest" time="180.899" errors="0" timestamp="2025-04-20T22:25:37 IST">
  <testcase classname="InsuranceAutomation_testClass.CarInsuranceTest" name="@BeforeClass driverSetup" time="180.457">
    <failure type="org.openqa.selenium.SessionNotCreatedException" message="Could not start a new session. Possible causes are invalid address of the remote server or browser start-up failure. 
Host info: host: &amp;apos;LTIN523467&amp;apos;, ip: &amp;apos;192.168.1.9&amp;apos;">
      <![CDATA[org.openqa.selenium.SessionNotCreatedException: Could not start a new session. Possible causes are invalid address of the remote server or browser start-up failure. 
Host info: host: 'LTIN523467', ip: '192.168.1.9'
at org.openqa.selenium.remote.RemoteWebDriver.execute(RemoteWebDriver.java:563)
at org.openqa.selenium.remote.RemoteWebDriver.startSession(RemoteWebDriver.java:245)
at org.openqa.selenium.remote.RemoteWebDriver.<init>(RemoteWebDriver.java:174)
at org.openqa.selenium.remote.RemoteWebDriver.<init>(RemoteWebDriver.java:152)
at InsuranceAutomation_testClass.CarInsuranceTest.driverSetup(CarInsuranceTest.java:46)
at java.base/java.util.ArrayList.forEach(ArrayList.java:1596)
Caused by: org.openqa.selenium.TimeoutException: java.util.concurrent.TimeoutException
Build info: version: '4.30.0', revision: '509c7f17cc*'
System info: os.name: 'Windows 11', os.arch: 'amd64', os.version: '10.0', java.version: '21.0.5'
Driver info: driver.version: RemoteWebDriver
at org.openqa.selenium.remote.http.jdk.JdkHttpClient.execute(JdkHttpClient.java:424)
at org.openqa.selenium.remote.tracing.TracedHttpClient.execute(TracedHttpClient.java:54)
at org.openqa.selenium.remote.ProtocolHandshake.createSession(ProtocolHandshake.java:89)
at org.openqa.selenium.remote.ProtocolHandshake.createSession(ProtocolHandshake.java:75)
at org.openqa.selenium.remote.ProtocolHandshake.createSession(ProtocolHandshake.java:61)
at org.openqa.selenium.remote.HttpCommandExecutor.execute(HttpCommandExecutor.java:187)
at org.openqa.selenium.remote.TracedCommandExecutor.execute(TracedCommandExecutor.java:53)
at org.openqa.selenium.remote.RemoteWebDriver.execute(RemoteWebDriver.java:545)
... 28 more
Caused by: java.util.concurrent.TimeoutException
at java.base/java.util.concurrent.CompletableFuture$Timeout.run(CompletableFuture.java:2920)
at java.base/java.util.concurrent.Executors$RunnableAdapter.call(Executors.java:572)
at java.base/java.util.concurrent.FutureTask.run(FutureTask.java:317)
at java.base/java.util.concurrent.ScheduledThreadPoolExecutor$ScheduledFutureTask.run(ScheduledThreadPoolExecutor.java:304)
at java.base/java.util.concurrent.ThreadPoolExecutor.runWorker(ThreadPoolExecutor.java:1144)
at java.base/java.util.concurrent.ThreadPoolExecutor$Worker.run(ThreadPoolExecutor.java:642)
at java.base/java.lang.Thread.run(Thread.java:1583)
... Removed 23 stack frames]]>
    </failure>
  </testcase> <!-- @BeforeClass driverSetup -->
  <testcase classname="InsuranceAutomation_testClass.CarInsuranceTest" name="@AfterClass close" time="0.0">
    <skipped/>
  </testcase> <!-- @AfterClass close -->
  <testcase classname="InsuranceAutomation_testClass.HealthInsuranceTest" name="@BeforeClass driverSetup" time="0.003">
    <failure type="java.lang.NullPointerException">
      <![CDATA[java.lang.NullPointerException
at java.base/java.util.concurrent.ConcurrentHashMap.putVal(ConcurrentHashMap.java:1011)
at java.base/java.util.concurrent.ConcurrentHashMap.put(ConcurrentHashMap.java:1006)
at java.base/java.util.Properties.put(Properties.java:1346)
at java.base/java.util.Properties.setProperty(Properties.java:230)
at java.base/java.lang.System.setProperty(System.java:1051)
at InsuranceAutomation_testClass.HealthInsuranceTest.driverSetup(HealthInsuranceTest.java:53)
at java.base/java.util.ArrayList.forEach(ArrayList.java:1596)
... Removed 23 stack frames]]>
    </failure>
  </testcase> <!-- @BeforeClass driverSetup -->
  <testcase classname="InsuranceAutomation_testClass.HealthInsuranceTest" name="@AfterClass close" time="0.0">
    <skipped/>
  </testcase> <!-- @AfterClass close -->
  <testcase classname="InsuranceAutomation_testClass.BikeInsuranceTest" name="@BeforeClass driverSetup" time="0.002">
    <failure type="java.lang.NullPointerException">
      <![CDATA[java.lang.NullPointerException
at java.base/java.util.concurrent.ConcurrentHashMap.putVal(ConcurrentHashMap.java:1011)
at java.base/java.util.concurrent.ConcurrentHashMap.put(ConcurrentHashMap.java:1006)
at java.base/java.util.Properties.put(Properties.java:1346)
at java.base/java.util.Properties.setProperty(Properties.java:230)
at java.base/java.lang.System.setProperty(System.java:1051)
at InsuranceAutomation_testClass.BikeInsuranceTest.driverSetup(BikeInsuranceTest.java:53)
at java.base/java.util.ArrayList.forEach(ArrayList.java:1596)
... Removed 23 stack frames]]>
    </failure>
  </testcase> <!-- @BeforeClass driverSetup -->
  <testcase classname="InsuranceAutomation_testClass.BikeInsuranceTest" name="@AfterClass close" time="0.0">
    <skipped/>
  </testcase> <!-- @AfterClass close -->
  <testcase classname="InsuranceAutomation_testClass.TermLifeInsuranceTest" name="@BeforeClass driverSetup" time="0.002">
    <failure type="java.lang.NullPointerException">
      <![CDATA[java.lang.NullPointerException
at java.base/java.util.concurrent.ConcurrentHashMap.putVal(ConcurrentHashMap.java:1011)
at java.base/java.util.concurrent.ConcurrentHashMap.put(ConcurrentHashMap.java:1006)
at java.base/java.util.Properties.put(Properties.java:1346)
at java.base/java.util.Properties.setProperty(Properties.java:230)
at java.base/java.lang.System.setProperty(System.java:1051)
at InsuranceAutomation_testClass.TermLifeInsuranceTest.driverSetup(TermLifeInsuranceTest.java:56)
at java.base/java.util.ArrayList.forEach(ArrayList.java:1596)
... Removed 23 stack frames]]>
    </failure>
  </testcase> <!-- @BeforeClass driverSetup -->
  <testcase classname="InsuranceAutomation_testClass.TermLifeInsuranceTest" name="@AfterClass close" time="0.0">
    <skipped/>
  </testcase> <!-- @AfterClass close -->
  <testcase classname="InsuranceAutomation_testClass.CarInsuranceTest" name="testHomePage" time="0.0">
    <skipped/>
  </testcase> <!-- testHomePage -->
  <testcase classname="InsuranceAutomation_testClass.CarInsuranceTest" name="testCarNavigation" time="0.0">
    <skipped/>
  </testcase> <!-- testCarNavigation -->
  <testcase classname="InsuranceAutomation_testClass.CarInsuranceTest" name="testCarDetailsEntry" time="0.0">
    <skipped/>
  </testcase> <!-- testCarDetailsEntry -->
  <testcase classname="InsuranceAutomation_testClass.CarInsuranceTest" name="testCarErrorMessages" time="0.001">
    <skipped/>
  </testcase> <!-- testCarErrorMessages -->
  <testcase classname="InsuranceAutomation_testClass.HealthInsuranceTest" name="testHomePage" time="0.0">
    <skipped/>
  </testcase> <!-- testHomePage -->
  <testcase classname="InsuranceAutomation_testClass.HealthInsuranceTest" name="testHealthDetailsEntry" time="0.001">
    <skipped/>
  </testcase> <!-- testHealthDetailsEntry -->
  <testcase classname="InsuranceAutomation_testClass.HealthInsuranceTest" name="testHealthErrorMessages" time="0.0">
    <skipped/>
  </testcase> <!-- testHealthErrorMessages -->
  <testcase classname="InsuranceAutomation_testClass.BikeInsuranceTest" name="testHomePage" time="0.0">
    <skipped/>
  </testcase> <!-- testHomePage -->
  <testcase classname="InsuranceAutomation_testClass.BikeInsuranceTest" name="testBikeNavigation" time="0.0">
    <skipped/>
  </testcase> <!-- testBikeNavigation -->
  <testcase classname="InsuranceAutomation_testClass.BikeInsuranceTest" name="testBikeDetailsEntry" time="0.0">
    <skipped/>
  </testcase> <!-- testBikeDetailsEntry -->
  <testcase classname="InsuranceAutomation_testClass.BikeInsuranceTest" name="testBikeRegistrationDetailsEntry" time="0.0">
    <skipped/>
  </testcase> <!-- testBikeRegistrationDetailsEntry -->
  <testcase classname="InsuranceAutomation_testClass.BikeInsuranceTest" name="testBikePolicyExpiredDetailsEntry" time="0.001">
    <skipped/>
  </testcase> <!-- testBikePolicyExpiredDetailsEntry -->
  <testcase classname="InsuranceAutomation_testClass.BikeInsuranceTest" name="testBikePlanResult" time="0.001">
    <skipped/>
  </testcase> <!-- testBikePlanResult -->
  <testcase classname="InsuranceAutomation_testClass.TermLifeInsuranceTest" name="testHomePage" time="0.0">
    <skipped/>
  </testcase> <!-- testHomePage -->
  <testcase classname="InsuranceAutomation_testClass.TermLifeInsuranceTest" name="testTermLifeNavigation" time="0.0">
    <skipped/>
  </testcase> <!-- testTermLifeNavigation -->
  <testcase classname="InsuranceAutomation_testClass.TermLifeInsuranceTest" name="testTermLifeDetailsEntry" time="0.001">
    <skipped/>
  </testcase> <!-- testTermLifeDetailsEntry -->
  <testcase classname="InsuranceAutomation_testClass.TermLifeInsuranceTest" name="testTermLifeErrorMessages" time="0.001">
    <skipped/>
  </testcase> <!-- testTermLifeErrorMessages -->
</testsuite> <!-- EdgeTest -->
